# JRE version: OpenJDK Runtime Environment Temurin-21.0.9+10 (21.0.9+10) (build 21.0.9+10-LTS)
# Java VM: OpenJDK 64-Bit Server VM Temurin-21.0.9+10 (21.0.9+10-LTS, mixed mode, sharing, tiered, compressed oops, compressed class ptrs, parallel gc, windows-amd64)
GC Precious Log:
 CardTable entry size: 512
 CPUs: 16 total, 16 available
 Memory: 65460M
 Large Page Support: Disabled
 NUMA Support: Disabled
 Compressed Oops: Enabled (32-bit)
 Alignments: Space 512K, Generation 512K, Heap 2M
 Heap Min Capacity: 100M
 Heap Initial Capacity: 100M
 Heap Max Capacity: 2G
 Pre-touch: Disabled
 Parallel Workers: 13
Heap:
 PSYoungGen      total 3072K, used 2382K [0x00000000d5580000, 0x00000000d5980000, 0x0000000100000000)
  eden space 2048K, 67% used [0x00000000d5580000,0x00000000d56db908,0x00000000d5780000)
  from space 1024K, 96% used [0x00000000d5880000,0x00000000d5978020,0x00000000d5980000)
  to   space 1024K, 0% used [0x00000000d5780000,0x00000000d5780000,0x00000000d5880000)
 ParOldGen       total 609280K, used 208353K [0x0000000080000000, 0x00000000a5300000, 0x00000000d5580000)
  object space 609280K, 34% used [0x0000000080000000,0x000000008cb78408,0x00000000a5300000)
 Metaspace       used 82628K, committed 84160K, reserved 1179648K
  class space    used 9656K, committed 10304K, reserved 1048576K
GC Heap History (20 events):
Event: 91.603 GC heap before
{Heap before GC invocations=827 (full 4):
 PSYoungGen      total 2560K, used 2541K [0x00000000d5580000, 0x00000000d5b80000, 0x0000000100000000)
  eden space 1536K, 100% used [0x00000000d5580000,0x00000000d5700000,0x00000000d5700000)
  from space 1024K, 98% used [0x00000000d5900000,0x00000000d59fb6e0,0x00000000d5a00000)
  to   space 2048K, 0% used [0x00000000d5700000,0x00000000d5700000,0x00000000d5900000)
 ParOldGen       total 609280K, used 201696K [0x0000000080000000, 0x00000000a5300000, 0x00000000d5580000)
  object space 609280K, 33% used [0x0000000080000000,0x000000008c4f81b8,0x00000000a5300000)
 Metaspace       used 82521K, committed 84032K, reserved 1179648K
  class space    used 9640K, committed 10304K, reserved 1048576K
}
Event: 91.604 GC heap after
{Heap after GC invocations=827 (full 4):
 PSYoungGen      total 2560K, used 896K [0x00000000d5580000, 0x00000000d5a00000, 0x0000000100000000)
  eden space 1536K, 0% used [0x00000000d5580000,0x00000000d5580000,0x00000000d5700000)
  from space 1024K, 87% used [0x00000000d5700000,0x00000000d57e0000,0x00000000d5800000)
  to   space 1536K, 0% used [0x00000000d5880000,0x00000000d5880000,0x00000000d5a00000)
 ParOldGen       total 609280K, used 202628K [0x0000000080000000, 0x00000000a5300000, 0x00000000d5580000)
  object space 609280K, 33% used [0x0000000080000000,0x000000008c5e13f8,0x00000000a5300000)
 Metaspace       used 82521K, committed 84032K, reserved 1179648K
  class space    used 9640K, committed 10304K, reserved 1048576K
}
Event: 91.607 GC heap before
{Heap before GC invocations=828 (full 4):
 PSYoungGen      total 2560K, used 2432K [0x00000000d5580000, 0x00000000d5a00000, 0x0000000100000000)
  eden space 1536K, 100% used [0x00000000d5580000,0x00000000d5700000,0x00000000d5700000)
  from space 1024K, 87% used [0x00000000d5700000,0x00000000d57e0000,0x00000000d5800000)
  to   space 1536K, 0% used [0x00000000d5880000,0x00000000d5880000,0x00000000d5a00000)
 ParOldGen       total 609280K, used 202628K [0x0000000080000000, 0x00000000a5300000, 0x00000000d5580000)
  object space 609280K, 33% used [0x0000000080000000,0x000000008c5e13f8,0x00000000a5300000)
 Metaspace       used 82521K, committed 84032K, reserved 1179648K
  class space    used 9640K, committed 10304K, reserved 1048576K
}
Event: 91.608 GC heap after
{Heap after GC invocations=828 (full 4):
 PSYoungGen      total 2560K, used 640K [0x00000000d5580000, 0x00000000d5980000, 0x0000000100000000)
  eden space 1536K, 0% used [0x00000000d5580000,0x00000000d5580000,0x00000000d5700000)
  from space 1024K, 62% used [0x00000000d5880000,0x00000000d5920000,0x00000000d5980000)
  to   space 1024K, 0% used [0x00000000d5700000,0x00000000d5700000,0x00000000d5800000)
 ParOldGen       total 609280K, used 203309K [0x0000000080000000, 0x00000000a5300000, 0x00000000d5580000)
  object space 609280K, 33% used [0x0000000080000000,0x000000008c68b408,0x00000000a5300000)
 Metaspace       used 82521K, committed 84032K, reserved 1179648K
  class space    used 9640K, committed 10304K, reserved 1048576K
}
Event: 91.612 GC heap before
{Heap before GC invocations=829 (full 4):
 PSYoungGen      total 2560K, used 2175K [0x00000000d5580000, 0x00000000d5980000, 0x0000000100000000)
  eden space 1536K, 99% used [0x00000000d5580000,0x00000000d56fff70,0x00000000d5700000)
  from space 1024K, 62% used [0x00000000d5880000,0x00000000d5920000,0x00000000d5980000)
  to   space 1024K, 0% used [0x00000000d5700000,0x00000000d5700000,0x00000000d5800000)
 ParOldGen       total 609280K, used 203309K [0x0000000080000000, 0x00000000a5300000, 0x00000000d5580000)
  object space 609280K, 33% used [0x0000000080000000,0x000000008c68b408,0x00000000a5300000)
 Metaspace       used 82521K, committed 84032K, reserved 1179648K
  class space    used 9640K, committed 10304K, reserved 1048576K
}
Event: 91.613 GC heap after
{Heap after GC invocations=829 (full 4):
 PSYoungGen      total 2560K, used 640K [0x00000000d5580000, 0x00000000d5900000, 0x0000000100000000)
  eden space 1536K, 0% used [0x00000000d5580000,0x00000000d5580000,0x00000000d5700000)
  from space 1024K, 62% used [0x00000000d5700000,0x00000000d57a0010,0x00000000d5800000)
  to   space 1024K, 0% used [0x00000000d5800000,0x00000000d5800000,0x00000000d5900000)
 ParOldGen       total 609280K, used 203734K [0x0000000080000000, 0x00000000a5300000, 0x00000000d5580000)
  object space 609280K, 33% used [0x0000000080000000,0x000000008c6f59a0,0x00000000a5300000)
 Metaspace       used 82521K, committed 84032K, reserved 1179648K
  class space    used 9640K, committed 10304K, reserved 1048576K
}
Event: 91.619 GC heap before
{Heap before GC invocations=830 (full 4):
 PSYoungGen      total 2560K, used 2176K [0x00000000d5580000, 0x00000000d5900000, 0x0000000100000000)
  eden space 1536K, 100% used [0x00000000d5580000,0x00000000d5700000,0x00000000d5700000)
  from space 1024K, 62% used [0x00000000d5700000,0x00000000d57a0010,0x00000000d5800000)
  to   space 1024K, 0% used [0x00000000d5800000,0x00000000d5800000,0x00000000d5900000)
 ParOldGen       total 609280K, used 203734K [0x0000000080000000, 0x00000000a5300000, 0x00000000d5580000)
  object space 609280K, 33% used [0x0000000080000000,0x000000008c6f59a0,0x00000000a5300000)
 Metaspace       used 82522K, committed 84032K, reserved 1179648K
  class space    used 9640K, committed 10304K, reserved 1048576K
}
Event: 91.620 GC heap after
{Heap after GC invocations=830 (full 4):
 PSYoungGen      total 2560K, used 853K [0x00000000d5580000, 0x00000000d5900000, 0x0000000100000000)
  eden space 1536K, 0% used [0x00000000d5580000,0x00000000d5580000,0x00000000d5700000)
  from space 1024K, 83% used [0x00000000d5800000,0x00000000d58d5400,0x00000000d5900000)
  to   space 1024K, 0% used [0x00000000d5700000,0x00000000d5700000,0x00000000d5800000)
 ParOldGen       total 609280K, used 204222K [0x0000000080000000, 0x00000000a5300000, 0x00000000d5580000)
  object space 609280K, 33% used [0x0000000080000000,0x000000008c76f8b0,0x00000000a5300000)
 Metaspace       used 82522K, committed 84032K, reserved 1179648K
  class space    used 9640K, committed 10304K, reserved 1048576K
}
Event: 91.638 GC heap before
{Heap before GC invocations=831 (full 4):
 PSYoungGen      total 2560K, used 2388K [0x00000000d5580000, 0x00000000d5900000, 0x0000000100000000)
  eden space 1536K, 99% used [0x00000000d5580000,0x00000000d56fffe0,0x00000000d5700000)
  from space 1024K, 83% used [0x00000000d5800000,0x00000000d58d5400,0x00000000d5900000)
  to   space 1024K, 0% used [0x00000000d5700000,0x00000000d5700000,0x00000000d5800000)
 ParOldGen       total 609280K, used 204222K [0x0000000080000000, 0x00000000a5300000, 0x00000000d5580000)
  object space 609280K, 33% used [0x0000000080000000,0x000000008c76f8b0,0x00000000a5300000)
 Metaspace       used 82523K, committed 84032K, reserved 1179648K
  class space    used 9640K, committed 10304K, reserved 1048576K
}
Event: 91.638 GC heap after
{Heap after GC invocations=831 (full 4):
 PSYoungGen      total 2560K, used 960K [0x00000000d5580000, 0x00000000d5900000, 0x0000000100000000)
  eden space 1536K, 0% used [0x00000000d5580000,0x00000000d5580000,0x00000000d5700000)
  from space 1024K, 93% used [0x00000000d5700000,0x00000000d57f01f8,0x00000000d5800000)
  to   space 1024K, 0% used [0x00000000d5800000,0x00000000d5800000,0x00000000d5900000)
 ParOldGen       total 609280K, used 204682K [0x0000000080000000, 0x00000000a5300000, 0x00000000d5580000)
  object space 609280K, 33% used [0x0000000080000000,0x000000008c7e2a28,0x00000000a5300000)
 Metaspace       used 82523K, committed 84032K, reserved 1179648K
  class space    used 9640K, committed 10304K, reserved 1048576K
}
Event: 91.640 GC heap before
{Heap before GC invocations=832 (full 4):
 PSYoungGen      total 2560K, used 2496K [0x00000000d5580000, 0x00000000d5900000, 0x0000000100000000)
  eden space 1536K, 99% used [0x00000000d5580000,0x00000000d56fffb0,0x00000000d5700000)
  from space 1024K, 93% used [0x00000000d5700000,0x00000000d57f01f8,0x00000000d5800000)
  to   space 1024K, 0% used [0x00000000d5800000,0x00000000d5800000,0x00000000d5900000)
 ParOldGen       total 609280K, used 204682K [0x0000000080000000, 0x00000000a5300000, 0x00000000d5580000)
  object space 609280K, 33% used [0x0000000080000000,0x000000008c7e2a28,0x00000000a5300000)
 Metaspace       used 82527K, committed 84032K, reserved 1179648K
  class space    used 9641K, committed 10304K, reserved 1048576K
}
Event: 91.641 GC heap after
{Heap after GC invocations=832 (full 4):
 PSYoungGen      total 1536K, used 1024K [0x00000000d5580000, 0x00000000d5c00000, 0x0000000100000000)
  eden space 512K, 0% used [0x00000000d5580000,0x00000000d5580000,0x00000000d5600000)
  from space 1024K, 100% used [0x00000000d5800000,0x00000000d5900000,0x00000000d5900000)
  to   space 2048K, 0% used [0x00000000d5600000,0x00000000d5600000,0x00000000d5800000)
 ParOldGen       total 609280K, used 205601K [0x0000000080000000, 0x00000000a5300000, 0x00000000d5580000)
  object space 609280K, 33% used [0x0000000080000000,0x000000008c8c8408,0x00000000a5300000)
 Metaspace       used 82527K, committed 84032K, reserved 1179648K
  class space    used 9641K, committed 10304K, reserved 1048576K
}
Event: 91.642 GC heap before
{Heap before GC invocations=833 (full 4):
 PSYoungGen      total 1536K, used 1536K [0x00000000d5580000, 0x00000000d5c00000, 0x0000000100000000)
  eden space 512K, 100% used [0x00000000d5580000,0x00000000d5600000,0x00000000d5600000)
  from space 1024K, 100% used [0x00000000d5800000,0x00000000d5900000,0x00000000d5900000)
  to   space 2048K, 0% used [0x00000000d5600000,0x00000000d5600000,0x00000000d5800000)
 ParOldGen       total 609280K, used 205601K [0x0000000080000000, 0x00000000a5300000, 0x00000000d5580000)
  object space 609280K, 33% used [0x0000000080000000,0x000000008c8c8408,0x00000000a5300000)
 Metaspace       used 82530K, committed 84032K, reserved 1179648K
  class space    used 9643K, committed 10304K, reserved 1048576K
}
Event: 91.642 GC heap after
{Heap after GC invocations=833 (full 4):
 PSYoungGen      total 2560K, used 576K [0x00000000d5580000, 0x00000000d5980000, 0x0000000100000000)
  eden space 512K, 0% used [0x00000000d5580000,0x00000000d5580000,0x00000000d5600000)
  from space 2048K, 28% used [0x00000000d5600000,0x00000000d5690000,0x00000000d5800000)
  to   space 1536K, 0% used [0x00000000d5800000,0x00000000d5800000,0x00000000d5980000)
 ParOldGen       total 609280K, used 206673K [0x0000000080000000, 0x00000000a5300000, 0x00000000d5580000)
  object space 609280K, 33% used [0x0000000080000000,0x000000008c9d4408,0x00000000a5300000)
 Metaspace       used 82530K, committed 84032K, reserved 1179648K
  class space    used 9643K, committed 10304K, reserved 1048576K
}
Event: 91.643 GC heap before
{Heap before GC invocations=834 (full 4):
 PSYoungGen      total 2560K, used 1088K [0x00000000d5580000, 0x00000000d5980000, 0x0000000100000000)
  eden space 512K, 100% used [0x00000000d5580000,0x00000000d5600000,0x00000000d5600000)
  from space 2048K, 28% used [0x00000000d5600000,0x00000000d5690000,0x00000000d5800000)
  to   space 1536K, 0% used [0x00000000d5800000,0x00000000d5800000,0x00000000d5980000)
 ParOldGen       total 609280K, used 206673K [0x0000000080000000, 0x00000000a5300000, 0x00000000d5580000)
  object space 609280K, 33% used [0x0000000080000000,0x000000008c9d4408,0x00000000a5300000)
 Metaspace       used 82534K, committed 84032K, reserved 1179648K
  class space    used 9645K, committed 10304K, reserved 1048576K
}
Event: 91.644 GC heap after
{Heap after GC invocations=834 (full 4):
 PSYoungGen      total 2048K, used 576K [0x00000000d5580000, 0x00000000d5900000, 0x0000000100000000)
  eden space 1024K, 0% used [0x00000000d5580000,0x00000000d5580000,0x00000000d5680000)
  from space 1024K, 56% used [0x00000000d5800000,0x00000000d5890000,0x00000000d5900000)
  to   space 1024K, 0% used [0x00000000d5700000,0x00000000d5700000,0x00000000d5800000)
 ParOldGen       total 609280K, used 207105K [0x0000000080000000, 0x00000000a5300000, 0x00000000d5580000)
  object space 609280K, 33% used [0x0000000080000000,0x000000008ca40408,0x00000000a5300000)
 Metaspace       used 82534K, committed 84032K, reserved 1179648K
  class space    used 9645K, committed 10304K, reserved 1048576K
}
Event: 91.645 GC heap before
{Heap before GC invocations=835 (full 4):
 PSYoungGen      total 2048K, used 1600K [0x00000000d5580000, 0x00000000d5900000, 0x0000000100000000)
  eden space 1024K, 100% used [0x00000000d5580000,0x00000000d5680000,0x00000000d5680000)
  from space 1024K, 56% used [0x00000000d5800000,0x00000000d5890000,0x00000000d5900000)
  to   space 1024K, 0% used [0x00000000d5700000,0x00000000d5700000,0x00000000d5800000)
 ParOldGen       total 609280K, used 207105K [0x0000000080000000, 0x00000000a5300000, 0x00000000d5580000)
  object space 609280K, 33% used [0x0000000080000000,0x000000008ca40408,0x00000000a5300000)
 Metaspace       used 82541K, committed 84096K, reserved 1179648K
  class space    used 9646K, committed 10304K, reserved 1048576K
}
Event: 91.646 GC heap after
{Heap after GC invocations=835 (full 4):
 PSYoungGen      total 2560K, used 960K [0x00000000d5580000, 0x00000000d5a00000, 0x0000000100000000)
  eden space 1536K, 0% used [0x00000000d5580000,0x00000000d5580000,0x00000000d5700000)
  from space 1024K, 93% used [0x00000000d5700000,0x00000000d57f0000,0x00000000d5800000)
  to   space 1536K, 0% used [0x00000000d5880000,0x00000000d5880000,0x00000000d5a00000)
 ParOldGen       total 609280K, used 207577K [0x0000000080000000, 0x00000000a5300000, 0x00000000d5580000)
  object space 609280K, 34% used [0x0000000080000000,0x000000008cab6408,0x00000000a5300000)
 Metaspace       used 82541K, committed 84096K, reserved 1179648K
  class space    used 9646K, committed 10304K, reserved 1048576K
}
Event: 91.658 GC heap before
{Heap before GC invocations=836 (full 4):
 PSYoungGen      total 2560K, used 2496K [0x00000000d5580000, 0x00000000d5a00000, 0x0000000100000000)
  eden space 1536K, 100% used [0x00000000d5580000,0x00000000d5700000,0x00000000d5700000)
  from space 1024K, 93% used [0x00000000d5700000,0x00000000d57f0000,0x00000000d5800000)
  to   space 1536K, 0% used [0x00000000d5880000,0x00000000d5880000,0x00000000d5a00000)
 ParOldGen       total 609280K, used 207577K [0x0000000080000000, 0x00000000a5300000, 0x00000000d5580000)
  object space 609280K, 34% used [0x0000000080000000,0x000000008cab6408,0x00000000a5300000)
 Metaspace       used 82585K, committed 84096K, reserved 1179648K
  class space    used 9653K, committed 10304K, reserved 1048576K
}
Event: 91.658 GC heap after
{Heap after GC invocations=836 (full 4):
 PSYoungGen      total 3072K, used 992K [0x00000000d5580000, 0x00000000d5980000, 0x0000000100000000)
  eden space 2048K, 0% used [0x00000000d5580000,0x00000000d5580000,0x00000000d5780000)
  from space 1024K, 96% used [0x00000000d5880000,0x00000000d5978020,0x00000000d5980000)
  to   space 1024K, 0% used [0x00000000d5780000,0x00000000d5780000,0x00000000d5880000)
 ParOldGen       total 609280K, used 208353K [0x0000000080000000, 0x00000000a5300000, 0x00000000d5580000)
  object space 609280K, 34% used [0x0000000080000000,0x000000008cb78408,0x00000000a5300000)
 Metaspace       used 82585K, committed 84096K, reserved 1179648K
  class space    used 9653K, committed 10304K, reserved 1048576K
}

