# JRE version: OpenJDK Runtime Environment Temurin-21.0.9+10 (21.0.9+10) (build 21.0.9+10-LTS)
# Java VM: OpenJDK 64-Bit Server VM Temurin-21.0.9+10 (21.0.9+10-LTS, mixed mode, sharing, tiered, compressed oops, compressed class ptrs, parallel gc, windows-amd64)
GC Precious Log:
 CardTable entry size: 512
 CPUs: 16 total, 16 available
 Memory: 65460M
 Large Page Support: Disabled
 NUMA Support: Disabled
 Compressed Oops: Enabled (32-bit)
 Alignments: Space 512K, Generation 512K, Heap 2M
 Heap Min Capacity: 100M
 Heap Initial Capacity: 100M
 Heap Max Capacity: 2G
 Pre-touch: Disabled
 Parallel Workers: 13
Heap:
 PSYoungGen      total 3072K, used 2775K [0x00000000d5580000, 0x00000000d5980000, 0x0000000100000000)
  eden space 2048K, 98% used [0x00000000d5580000,0x00000000d5775f30,0x00000000d5780000)
  from space 1024K, 75% used [0x00000000d5880000,0x00000000d5940000,0x00000000d5980000)
  to   space 1024K, 0% used [0x00000000d5780000,0x00000000d5780000,0x00000000d5880000)
 ParOldGen       total 794624K, used 794291K [0x0000000080000000, 0x00000000b0800000, 0x00000000d5580000)
  object space 794624K, 99% used [0x0000000080000000,0x00000000b07acdd8,0x00000000b0800000)
 Metaspace       used 66577K, committed 67968K, reserved 1114112K
  class space    used 6522K, committed 7168K, reserved 1048576K
GC Heap History (20 events):
Event: 15108.199 GC heap before
{Heap before GC invocations=1527 (full 4):
 PSYoungGen      total 2048K, used 2041K [0x00000000d5580000, 0x00000000d6000000, 0x0000000100000000)
  eden space 512K, 100% used [0x00000000d5580000,0x00000000d5600000,0x00000000d5600000)
  from space 1536K, 99% used [0x00000000d5980000,0x00000000d5afe510,0x00000000d5b00000)
  to   space 3584K, 0% used [0x00000000d5600000,0x00000000d5600000,0x00000000d5980000)
 ParOldGen       total 789504K, used 789230K [0x0000000080000000, 0x00000000b0300000, 0x00000000d5580000)
  object space 789504K, 99% used [0x0000000080000000,0x00000000b02bb8a0,0x00000000b0300000)
 Metaspace       used 66565K, committed 67968K, reserved 1114112K
  class space    used 6522K, committed 7168K, reserved 1048576K
}
Event: 15108.199 GC heap after
{Heap after GC invocations=1527 (full 4):
 PSYoungGen      total 1024K, used 377K [0x00000000d5580000, 0x00000000d5a00000, 0x0000000100000000)
  eden space 512K, 0% used [0x00000000d5580000,0x00000000d5580000,0x00000000d5600000)
  from space 512K, 73% used [0x00000000d5600000,0x00000000d565e640,0x00000000d5680000)
  to   space 1536K, 0% used [0x00000000d5880000,0x00000000d5880000,0x00000000d5a00000)
 ParOldGen       total 790528K, used 790300K [0x0000000080000000, 0x00000000b0400000, 0x00000000d5580000)
  object space 790528K, 99% used [0x0000000080000000,0x00000000b03c7250,0x00000000b0400000)
 Metaspace       used 66565K, committed 67968K, reserved 1114112K
  class space    used 6522K, committed 7168K, reserved 1048576K
}
Event: 15108.201 GC heap before
{Heap before GC invocations=1528 (full 4):
 PSYoungGen      total 1024K, used 889K [0x00000000d5580000, 0x00000000d5a00000, 0x0000000100000000)
  eden space 512K, 100% used [0x00000000d5580000,0x00000000d5600000,0x00000000d5600000)
  from space 512K, 73% used [0x00000000d5600000,0x00000000d565e640,0x00000000d5680000)
  to   space 1536K, 0% used [0x00000000d5880000,0x00000000d5880000,0x00000000d5a00000)
 ParOldGen       total 790528K, used 790300K [0x0000000080000000, 0x00000000b0400000, 0x00000000d5580000)
  object space 790528K, 99% used [0x0000000080000000,0x00000000b03c7250,0x00000000b0400000)
 Metaspace       used 66565K, committed 67968K, reserved 1114112K
  class space    used 6522K, committed 7168K, reserved 1048576K
}
Event: 15108.202 GC heap after
{Heap after GC invocations=1528 (full 4):
 PSYoungGen      total 2048K, used 535K [0x00000000d5580000, 0x00000000d5980000, 0x0000000100000000)
  eden space 1024K, 0% used [0x00000000d5580000,0x00000000d5580000,0x00000000d5680000)
  from space 1024K, 52% used [0x00000000d5880000,0x00000000d5905fa0,0x00000000d5980000)
  to   space 1024K, 0% used [0x00000000d5780000,0x00000000d5780000,0x00000000d5880000)
 ParOldGen       total 790528K, used 790495K [0x0000000080000000, 0x00000000b0400000, 0x00000000d5580000)
  object space 790528K, 99% used [0x0000000080000000,0x00000000b03f7ed0,0x00000000b0400000)
 Metaspace       used 66565K, committed 67968K, reserved 1114112K
  class space    used 6522K, committed 7168K, reserved 1048576K
}
Event: 15108.203 GC heap before
{Heap before GC invocations=1529 (full 4):
 PSYoungGen      total 2048K, used 1559K [0x00000000d5580000, 0x00000000d5980000, 0x0000000100000000)
  eden space 1024K, 100% used [0x00000000d5580000,0x00000000d5680000,0x00000000d5680000)
  from space 1024K, 52% used [0x00000000d5880000,0x00000000d5905fa0,0x00000000d5980000)
  to   space 1024K, 0% used [0x00000000d5780000,0x00000000d5780000,0x00000000d5880000)
 ParOldGen       total 790528K, used 790495K [0x0000000080000000, 0x00000000b0400000, 0x00000000d5580000)
  object space 790528K, 99% used [0x0000000080000000,0x00000000b03f7ed0,0x00000000b0400000)
 Metaspace       used 66565K, committed 67968K, reserved 1114112K
  class space    used 6522K, committed 7168K, reserved 1048576K
}
Event: 15108.204 GC heap after
{Heap after GC invocations=1529 (full 4):
 PSYoungGen      total 2560K, used 566K [0x00000000d5580000, 0x00000000d5900000, 0x0000000100000000)
  eden space 1536K, 0% used [0x00000000d5580000,0x00000000d5580000,0x00000000d5700000)
  from space 1024K, 55% used [0x00000000d5780000,0x00000000d580daa0,0x00000000d5880000)
  to   space 512K, 0% used [0x00000000d5880000,0x00000000d5880000,0x00000000d5900000)
 ParOldGen       total 791040K, used 790856K [0x0000000080000000, 0x00000000b0480000, 0x00000000d5580000)
  object space 791040K, 99% used [0x0000000080000000,0x00000000b0452180,0x00000000b0480000)
 Metaspace       used 66565K, committed 67968K, reserved 1114112K
  class space    used 6522K, committed 7168K, reserved 1048576K
}
Event: 15108.208 GC heap before
{Heap before GC invocations=1530 (full 4):
 PSYoungGen      total 2560K, used 2102K [0x00000000d5580000, 0x00000000d5900000, 0x0000000100000000)
  eden space 1536K, 100% used [0x00000000d5580000,0x00000000d5700000,0x00000000d5700000)
  from space 1024K, 55% used [0x00000000d5780000,0x00000000d580daa0,0x00000000d5880000)
  to   space 512K, 0% used [0x00000000d5880000,0x00000000d5880000,0x00000000d5900000)
 ParOldGen       total 791040K, used 790856K [0x0000000080000000, 0x00000000b0480000, 0x00000000d5580000)
  object space 791040K, 99% used [0x0000000080000000,0x00000000b0452180,0x00000000b0480000)
 Metaspace       used 66565K, committed 67968K, reserved 1114112K
  class space    used 6522K, committed 7168K, reserved 1048576K
}
Event: 15108.209 GC heap after
{Heap after GC invocations=1530 (full 4):
 PSYoungGen      total 2560K, used 512K [0x00000000d5580000, 0x00000000d5980000, 0x0000000100000000)
  eden space 2048K, 0% used [0x00000000d5580000,0x00000000d5580000,0x00000000d5780000)
  from space 512K, 100% used [0x00000000d5880000,0x00000000d5900000,0x00000000d5900000)
  to   space 1024K, 0% used [0x00000000d5780000,0x00000000d5780000,0x00000000d5880000)
 ParOldGen       total 791552K, used 791135K [0x0000000080000000, 0x00000000b0500000, 0x00000000d5580000)
  object space 791552K, 99% used [0x0000000080000000,0x00000000b0497c20,0x00000000b0500000)
 Metaspace       used 66565K, committed 67968K, reserved 1114112K
  class space    used 6522K, committed 7168K, reserved 1048576K
}
Event: 15108.287 GC heap before
{Heap before GC invocations=1531 (full 4):
 PSYoungGen      total 2560K, used 2560K [0x00000000d5580000, 0x00000000d5980000, 0x0000000100000000)
  eden space 2048K, 100% used [0x00000000d5580000,0x00000000d5780000,0x00000000d5780000)
  from space 512K, 100% used [0x00000000d5880000,0x00000000d5900000,0x00000000d5900000)
  to   space 1024K, 0% used [0x00000000d5780000,0x00000000d5780000,0x00000000d5880000)
 ParOldGen       total 791552K, used 791135K [0x0000000080000000, 0x00000000b0500000, 0x00000000d5580000)
  object space 791552K, 99% used [0x0000000080000000,0x00000000b0497c20,0x00000000b0500000)
 Metaspace       used 66565K, committed 67968K, reserved 1114112K
  class space    used 6522K, committed 7168K, reserved 1048576K
}
Event: 15108.287 GC heap after
{Heap after GC invocations=1531 (full 4):
 PSYoungGen      total 3072K, used 480K [0x00000000d5580000, 0x00000000d5980000, 0x0000000100000000)
  eden space 2048K, 0% used [0x00000000d5580000,0x00000000d5580000,0x00000000d5780000)
  from space 1024K, 46% used [0x00000000d5780000,0x00000000d57f8000,0x00000000d5880000)
  to   space 1024K, 0% used [0x00000000d5880000,0x00000000d5880000,0x00000000d5980000)
 ParOldGen       total 791552K, used 791535K [0x0000000080000000, 0x00000000b0500000, 0x00000000d5580000)
  object space 791552K, 99% used [0x0000000080000000,0x00000000b04fbc20,0x00000000b0500000)
 Metaspace       used 66565K, committed 67968K, reserved 1114112K
  class space    used 6522K, committed 7168K, reserved 1048576K
}
Event: 15108.291 GC heap before
{Heap before GC invocations=1532 (full 4):
 PSYoungGen      total 3072K, used 2528K [0x00000000d5580000, 0x00000000d5980000, 0x0000000100000000)
  eden space 2048K, 100% used [0x00000000d5580000,0x00000000d5780000,0x00000000d5780000)
  from space 1024K, 46% used [0x00000000d5780000,0x00000000d57f8000,0x00000000d5880000)
  to   space 1024K, 0% used [0x00000000d5880000,0x00000000d5880000,0x00000000d5980000)
 ParOldGen       total 791552K, used 791535K [0x0000000080000000, 0x00000000b0500000, 0x00000000d5580000)
  object space 791552K, 99% used [0x0000000080000000,0x00000000b04fbc20,0x00000000b0500000)
 Metaspace       used 66565K, committed 67968K, reserved 1114112K
  class space    used 6522K, committed 7168K, reserved 1048576K
}
Event: 15108.292 GC heap after
{Heap after GC invocations=1532 (full 4):
 PSYoungGen      total 2560K, used 1005K [0x00000000d5580000, 0x00000000d5a80000, 0x0000000100000000)
  eden space 1536K, 0% used [0x00000000d5580000,0x00000000d5580000,0x00000000d5700000)
  from space 1024K, 98% used [0x00000000d5880000,0x00000000d597b628,0x00000000d5980000)
  to   space 1536K, 0% used [0x00000000d5700000,0x00000000d5700000,0x00000000d5880000)
 ParOldGen       total 792064K, used 791789K [0x0000000080000000, 0x00000000b0580000, 0x00000000d5580000)
  object space 792064K, 99% used [0x0000000080000000,0x00000000b053b640,0x00000000b0580000)
 Metaspace       used 66565K, committed 67968K, reserved 1114112K
  class space    used 6522K, committed 7168K, reserved 1048576K
}
Event: 15108.294 GC heap before
{Heap before GC invocations=1533 (full 4):
 PSYoungGen      total 2560K, used 2541K [0x00000000d5580000, 0x00000000d5a80000, 0x0000000100000000)
  eden space 1536K, 100% used [0x00000000d5580000,0x00000000d5700000,0x00000000d5700000)
  from space 1024K, 98% used [0x00000000d5880000,0x00000000d597b628,0x00000000d5980000)
  to   space 1536K, 0% used [0x00000000d5700000,0x00000000d5700000,0x00000000d5880000)
 ParOldGen       total 792064K, used 791789K [0x0000000080000000, 0x00000000b0580000, 0x00000000d5580000)
  object space 792064K, 99% used [0x0000000080000000,0x00000000b053b640,0x00000000b0580000)
 Metaspace       used 66565K, committed 67968K, reserved 1114112K
  class space    used 6522K, committed 7168K, reserved 1048576K
}
Event: 15108.295 GC heap after
{Heap after GC invocations=1533 (full 4):
 PSYoungGen      total 3072K, used 640K [0x00000000d5580000, 0x00000000d5980000, 0x0000000100000000)
  eden space 1536K, 0% used [0x00000000d5580000,0x00000000d5580000,0x00000000d5700000)
  from space 1536K, 41% used [0x00000000d5700000,0x00000000d57a0000,0x00000000d5880000)
  to   space 1024K, 0% used [0x00000000d5880000,0x00000000d5880000,0x00000000d5980000)
 ParOldGen       total 793088K, used 792671K [0x0000000080000000, 0x00000000b0680000, 0x00000000d5580000)
  object space 793088K, 99% used [0x0000000080000000,0x00000000b0617c88,0x00000000b0680000)
 Metaspace       used 66565K, committed 67968K, reserved 1114112K
  class space    used 6522K, committed 7168K, reserved 1048576K
}
Event: 15108.299 GC heap before
{Heap before GC invocations=1534 (full 4):
 PSYoungGen      total 3072K, used 2176K [0x00000000d5580000, 0x00000000d5980000, 0x0000000100000000)
  eden space 1536K, 100% used [0x00000000d5580000,0x00000000d5700000,0x00000000d5700000)
  from space 1536K, 41% used [0x00000000d5700000,0x00000000d57a0000,0x00000000d5880000)
  to   space 1024K, 0% used [0x00000000d5880000,0x00000000d5880000,0x00000000d5980000)
 ParOldGen       total 793088K, used 792671K [0x0000000080000000, 0x00000000b0680000, 0x00000000d5580000)
  object space 793088K, 99% used [0x0000000080000000,0x00000000b0617c88,0x00000000b0680000)
 Metaspace       used 66565K, committed 67968K, reserved 1114112K
  class space    used 6522K, committed 7168K, reserved 1048576K
}
Event: 15108.300 GC heap after
{Heap after GC invocations=1534 (full 4):
 PSYoungGen      total 2560K, used 697K [0x00000000d5580000, 0x00000000d5980000, 0x0000000100000000)
  eden space 1536K, 0% used [0x00000000d5580000,0x00000000d5580000,0x00000000d5700000)
  from space 1024K, 68% used [0x00000000d5880000,0x00000000d592e6c8,0x00000000d5980000)
  to   space 1024K, 0% used [0x00000000d5780000,0x00000000d5780000,0x00000000d5880000)
 ParOldGen       total 793088K, used 792991K [0x0000000080000000, 0x00000000b0680000, 0x00000000d5580000)
  object space 793088K, 99% used [0x0000000080000000,0x00000000b0667c88,0x00000000b0680000)
 Metaspace       used 66565K, committed 67968K, reserved 1114112K
  class space    used 6522K, committed 7168K, reserved 1048576K
}
Event: 15108.303 GC heap before
{Heap before GC invocations=1535 (full 4):
 PSYoungGen      total 2560K, used 2233K [0x00000000d5580000, 0x00000000d5980000, 0x0000000100000000)
  eden space 1536K, 100% used [0x00000000d5580000,0x00000000d5700000,0x00000000d5700000)
  from space 1024K, 68% used [0x00000000d5880000,0x00000000d592e6c8,0x00000000d5980000)
  to   space 1024K, 0% used [0x00000000d5780000,0x00000000d5780000,0x00000000d5880000)
 ParOldGen       total 793088K, used 792991K [0x0000000080000000, 0x00000000b0680000, 0x00000000d5580000)
  object space 793088K, 99% used [0x0000000080000000,0x00000000b0667c88,0x00000000b0680000)
 Metaspace       used 66565K, committed 67968K, reserved 1114112K
  class space    used 6522K, committed 7168K, reserved 1048576K
}
Event: 15108.304 GC heap after
{Heap after GC invocations=1535 (full 4):
 PSYoungGen      total 3072K, used 928K [0x00000000d5580000, 0x00000000d5980000, 0x0000000100000000)
  eden space 2048K, 0% used [0x00000000d5580000,0x00000000d5580000,0x00000000d5780000)
  from space 1024K, 90% used [0x00000000d5780000,0x00000000d5868000,0x00000000d5880000)
  to   space 1024K, 0% used [0x00000000d5880000,0x00000000d5880000,0x00000000d5980000)
 ParOldGen       total 793600K, used 793507K [0x0000000080000000, 0x00000000b0700000, 0x00000000d5580000)
  object space 793600K, 99% used [0x0000000080000000,0x00000000b06e8db8,0x00000000b0700000)
 Metaspace       used 66565K, committed 67968K, reserved 1114112K
  class space    used 6522K, committed 7168K, reserved 1048576K
}
Event: 15108.309 GC heap before
{Heap before GC invocations=1536 (full 4):
 PSYoungGen      total 3072K, used 2976K [0x00000000d5580000, 0x00000000d5980000, 0x0000000100000000)
  eden space 2048K, 100% used [0x00000000d5580000,0x00000000d5780000,0x00000000d5780000)
  from space 1024K, 90% used [0x00000000d5780000,0x00000000d5868000,0x00000000d5880000)
  to   space 1024K, 0% used [0x00000000d5880000,0x00000000d5880000,0x00000000d5980000)
 ParOldGen       total 793600K, used 793507K [0x0000000080000000, 0x00000000b0700000, 0x00000000d5580000)
  object space 793600K, 99% used [0x0000000080000000,0x00000000b06e8db8,0x00000000b0700000)
 Metaspace       used 66565K, committed 67968K, reserved 1114112K
  class space    used 6522K, committed 7168K, reserved 1048576K
}
Event: 15108.310 GC heap after
{Heap after GC invocations=1536 (full 4):
 PSYoungGen      total 3072K, used 768K [0x00000000d5580000, 0x00000000d5980000, 0x0000000100000000)
  eden space 2048K, 0% used [0x00000000d5580000,0x00000000d5580000,0x00000000d5780000)
  from space 1024K, 75% used [0x00000000d5880000,0x00000000d5940000,0x00000000d5980000)
  to   space 1024K, 0% used [0x00000000d5780000,0x00000000d5780000,0x00000000d5880000)
 ParOldGen       total 794624K, used 794291K [0x0000000080000000, 0x00000000b0800000, 0x00000000d5580000)
  object space 794624K, 99% used [0x0000000080000000,0x00000000b07acdd8,0x00000000b0800000)
 Metaspace       used 66565K, committed 67968K, reserved 1114112K
  class space    used 6522K, committed 7168K, reserved 1048576K
}

